<?xml version="1.0" encoding="UTF-8"?>
<testng-results skipped="0" failed="0" ignored="0" total="1" passed="1">
  <reporter-output>
  </reporter-output>
  <suite name="Default suite" duration-ms="10520" started-at="2021-09-28T14:54:54 IST" finished-at="2021-09-28T14:55:05 IST">
    <groups>
    </groups>
    <test name="Default test" duration-ms="10520" started-at="2021-09-28T14:54:54 IST" finished-at="2021-09-28T14:55:05 IST">
      <class name="AnkurDemo.AmazonSearch">
        <test-method status="PASS" signature="beforeTest()[pri:0, instance:AnkurDemo.AmazonSearch@4a87761d]" name="beforeTest" is-config="true" duration-ms="9867" started-at="2021-09-28T14:54:54 IST" finished-at="2021-09-28T14:55:04 IST">
          <reporter-output>
          </reporter-output>
        </test-method> <!-- beforeTest -->
        <test-method status="PASS" signature="test()[pri:0, instance:AnkurDemo.AmazonSearch@4a87761d]" name="test" duration-ms="5" started-at="2021-09-28T14:55:04 IST" finished-at="2021-09-28T14:55:04 IST">
          <reporter-output>
          </reporter-output>
        </test-method> <!-- test -->
        <test-method status="PASS" signature="afterTest()[pri:0, instance:AnkurDemo.AmazonSearch@4a87761d]" name="afterTest" is-config="true" duration-ms="613" started-at="2021-09-28T14:55:04 IST" finished-at="2021-09-28T14:55:05 IST">
          <reporter-output>
          </reporter-output>
        </test-method> <!-- afterTest -->
      </class> <!-- AnkurDemo.AmazonSearch -->
    </test> <!-- Default test -->
  </suite> <!-- Default suite -->
</testng-results>
